ticket_id;type;value
TCKT-001;PERSON;Joseph Johnson
TCKT-001;EMAIL;joseph.johnson95@irongate.security
TCKT-001;IP;63.58.36.189
TCKT-001;ORG;CloudLine
TCKT-001;URL;https://status.sentinelcloud.net/login
TCKT-002;PERSON;Patricia Scott
TCKT-002;EMAIL;patricia.scott26@ciphernest.net
TCKT-002;IP;108.57.115.151
TCKT-002;ORG;IronGate
TCKT-002;URL;https://portal.sentinel.works
TCKT-003;PERSON;Carol Miller
TCKT-003;EMAIL;carol.miller12@darknode.org
TCKT-003;IP;25.92.217.89
TCKT-003;ORG;NimbusTech
TCKT-003;URL;https://portal.edgematrix.io
TCKT-004;PERSON;George Torres
TCKT-004;EMAIL;george.torres25@blueshield.org
TCKT-004;IP;12.170.59.198
TCKT-004;ORG;HexaSecure
TCKT-004;URL;https://status.deepguard.ai/login
TCKT-005;PERSON;George Hernandez
TCKT-005;EMAIL;george.hernandez48@zerotrace.dev
TCKT-005;IP;54.172.69.180
TCKT-005;ORG;BlueShield
TCKT-005;URL;https://api.ciphernest.net/v1/auth
TCKT-006;PERSON;Mark Baker
TCKT-006;EMAIL;mark.baker42@cybercore.net
TCKT-006;IP;59.211.9.207
TCKT-006;ORG;Quantum Shield
TCKT-006;URL;https://irongate.security/download/6
TCKT-007;PERSON;Angela Sanchez
TCKT-007;EMAIL;angela.sanchez83@edgematrix.io
TCKT-007;IP;37.68.36.64
TCKT-007;ORG;CipherNest
TCKT-007;URL;https://id.sentinelcloud.net/authorize
TCKT-008;PERSON;Sarah Allen
TCKT-008;EMAIL;sarah.allen64@datasafe.co
TCKT-008;IP;194.13.221.29
TCKT-008;ORG;Vertex Labs
TCKT-008;URL;https://api.sentinelcloud.net/v1/auth
TCKT-009;PERSON;Cynthia King
TCKT-009;EMAIL;cynthia.king33@rapidsentinel.com
TCKT-009;IP;221.242.3.175
TCKT-009;ORG;NetSecure
TCKT-009;URL;https://id.vectorguard.ai/authorize
TCKT-010;PERSON;Kimberly Allen
TCKT-010;EMAIL;kimberly.allen98@fortidata.com
TCKT-010;IP;130.234.28.223
TCKT-010;ORG;Aegis Dynamics
TCKT-010;URL;https://vertexlabs.com/support/ticket/10
TCKT-011;PERSON;Gary Johnson
TCKT-011;EMAIL;gary.johnson15@orbitaldefense.com
TCKT-011;IP;225.253.213.207
TCKT-011;ORG;Aegis Dynamics
TCKT-011;URL;https://cybercore.net/support/ticket/11
TCKT-012;PERSON;William Carter
TCKT-012;EMAIL;william.carter69@alpha.solutions
TCKT-012;IP;33.169.122.243
TCKT-012;ORG;CipherNest
TCKT-012;URL;https://api.nimbustech.dev/v1/auth
TCKT-013;PERSON;Betty Rivera
TCKT-013;EMAIL;betty.rivera40@secureforge.cloud
TCKT-013;IP;172.167.96.113
TCKT-013;ORG;TitanSec
TCKT-013;URL;https://audit.netsecure.io/events/13
TCKT-013;EMAIL;betty.rivera71@deepguard.ai
TCKT-014;PERSON;Mark Smith
TCKT-014;EMAIL;mark.smith10@cybercore.net
TCKT-014;IP;59.18.232.9
TCKT-014;ORG;RedOak Cyber
TCKT-014;URL;https://status.titansec.pro/login
TCKT-015;PERSON;Thomas Campbell
TCKT-015;EMAIL;thomas.campbell74@cypherwave.ai
TCKT-015;IP;63.201.122.207
TCKT-015;ORG;SecureForge
TCKT-015;URL;https://cloudline.com/support/ticket/15
TCKT-016;PERSON;Cynthia Campbell
TCKT-016;EMAIL;cynthia.campbell7@cloudline.com
TCKT-016;IP;16.104.187.87
TCKT-016;ORG;CloudLine
TCKT-016;URL;https://shieldops.io/support/ticket/16
TCKT-017;PERSON;Emily Robinson
TCKT-017;EMAIL;emily.robinson32@blueshield.org
TCKT-017;IP;114.207.221.220
TCKT-017;ORG;CipherNest
TCKT-017;URL;https://status.cybercore.net/login
TCKT-018;PERSON;Donald Hernandez
TCKT-018;EMAIL;donald.hernandez53@horizonsec.app
TCKT-018;IP;124.55.222.103
TCKT-018;ORG;CyberCore
TCKT-018;URL;https://api.darknode.org/v1/auth
TCKT-019;PERSON;Gary Martinez
TCKT-019;EMAIL;gary.martinez25@aegisdyn.com
TCKT-019;IP;56.248.15.149
TCKT-019;ORG;BrightLock
TCKT-019;URL;https://portal.redoakcyber.net
TCKT-020;PERSON;Pamela Hernandez
TCKT-020;EMAIL;pamela.hernandez8@titansec.pro
TCKT-020;IP;21.218.48.18
TCKT-020;ORG;BlueShield
TCKT-020;URL;https://secureforge.cloud/support/ticket/20
TCKT-021;PERSON;Rebecca Nelson
TCKT-021;EMAIL;rebecca.nelson75@brightlock.io
TCKT-021;IP;81.240.67.53
TCKT-021;ORG;Quantum Shield
TCKT-021;URL;https://nimbustech.dev/support/ticket/21
TCKT-022;PERSON;Elizabeth Smith
TCKT-022;EMAIL;elizabeth.smith59@cloudline.com
TCKT-022;IP;19.138.55.130
TCKT-022;ORG;NimbusTech
TCKT-022;URL;https://api.zerotrace.dev/v1/auth
TCKT-022;EMAIL;elizabeth.smith70@quantumshield.io
TCKT-023;PERSON;Pamela Smith
TCKT-023;EMAIL;pamela.smith86@rapidsentinel.com
TCKT-023;IP;77.239.170.27
TCKT-023;ORG;Alpha Solutions
TCKT-023;URL;https://id.netsecure.io/authorize
TCKT-024;PERSON;Anthony Rivera
TCKT-024;EMAIL;anthony.rivera44@coresec.net
TCKT-024;IP;176.163.219.68
TCKT-024;ORG;HorizonSec
TCKT-024;URL;https://audit.nimbustech.dev/events/24
TCKT-025;PERSON;Jennifer Smith
TCKT-025;EMAIL;jennifer.smith43@alpha.solutions
TCKT-025;IP;164.251.68.42
TCKT-025;ORG;Sentinel Cloud
TCKT-025;URL;https://rapidsentinel.com/download/25
TCKT-026;PERSON;Melissa Nguyen
TCKT-026;EMAIL;melissa.nguyen71@vertexlabs.com
TCKT-026;IP;111.33.11.79
TCKT-026;ORG;ZeroTrace Labs
TCKT-026;URL;https://portal.zerotrace.dev
TCKT-027;PERSON;Timothy Flores
TCKT-027;EMAIL;timothy.flores96@vertexlabs.com
TCKT-027;IP;237.239.61.222
TCKT-027;ORG;SentinelWorks
TCKT-027;URL;https://api.blueorbit.dev/v1/auth
TCKT-028;PERSON;Timothy Nelson
TCKT-028;EMAIL;timothy.nelson95@trustwave.cloud
TCKT-028;IP;69.41.202.180
TCKT-028;ORG;CloudLine
TCKT-028;URL;https://novatech.io/download/28
TCKT-029;PERSON;Sandra Anderson
TCKT-029;EMAIL;sandra.anderson4@shieldops.io
TCKT-029;IP;103.85.72.222
TCKT-029;ORG;BlueShield
TCKT-029;URL;https://id.zerotrace.dev/authorize
TCKT-030;PERSON;Joseph Taylor
TCKT-030;EMAIL;joseph.taylor23@nimbustech.dev
TCKT-030;IP;10.28.153.112
TCKT-030;ORG;VectorGuard
TCKT-030;URL;https://sso.sentinelcloud.net/signin
TCKT-031;PERSON;Matthew Taylor
TCKT-031;EMAIL;matthew.taylor6@sentinelcloud.net
TCKT-031;IP;1.134.237.207
TCKT-031;ORG;BrightLock
TCKT-031;URL;https://orbitaldefense.com/support/ticket/31
TCKT-032;PERSON;Jessica Campbell
TCKT-032;EMAIL;jessica.campbell39@titansec.pro
TCKT-032;IP;80.171.105.84
TCKT-032;ORG;DarkNode Analytics
TCKT-032;URL;https://id.rapidsentinel.com/authorize
TCKT-033;PERSON;Daniel Flores
TCKT-033;EMAIL;daniel.flores73@quantumshield.io
TCKT-033;IP;104.141.214.1
TCKT-033;ORG;Aegis Dynamics
TCKT-033;URL;https://id.coresec.net/authorize
TCKT-034;PERSON;Jeffrey Baker
TCKT-034;EMAIL;jeffrey.baker28@titansec.pro
TCKT-034;IP;122.204.231.246
TCKT-034;ORG;SentinelWorks
TCKT-034;URL;https://status.aegisdyn.com/login
TCKT-034;EMAIL;jeffrey.baker97@trustwave.cloud
TCKT-035;PERSON;Michelle Anderson
TCKT-035;EMAIL;michelle.anderson26@vertexlabs.com
TCKT-035;IP;7.12.63.252
TCKT-035;ORG;EdgeMatrix
TCKT-035;URL;https://status.edgematrix.io/login
TCKT-036;PERSON;Deborah Young
TCKT-036;EMAIL;deborah.young52@trustwave.cloud
TCKT-036;IP;38.168.177.2
TCKT-036;ORG;CloudLine
TCKT-036;URL;https://deepguard.ai/download/36
TCKT-036;EMAIL;deborah.young32@netsecure.io
TCKT-037;PERSON;Ryan Rodriguez
TCKT-037;EMAIL;ryan.rodriguez60@brightlock.io
TCKT-037;IP;253.144.153.82
TCKT-037;ORG;Sentinel Cloud
TCKT-037;URL;https://rapidsentinel.com/download/37
TCKT-038;PERSON;Ashley Green
TCKT-038;EMAIL;ashley.green36@brightlock.io
TCKT-038;IP;125.161.62.71
TCKT-038;ORG;Sentinel Cloud
TCKT-038;URL;https://status.aegisdyn.com/login
TCKT-039;PERSON;David Rodriguez
TCKT-039;EMAIL;david.rodriguez20@deepguard.ai
TCKT-039;IP;99.178.40.181
TCKT-039;ORG;CoreSec
TCKT-039;URL;https://status.blueorbit.dev/login
TCKT-040;PERSON;Anthony Clark
TCKT-040;EMAIL;anthony.clark50@acme.com
TCKT-040;IP;220.226.196.148
TCKT-040;ORG;Orbital Defense
TCKT-040;URL;https://audit.example.com/events/40
TCKT-041;PERSON;Rebecca Wright
TCKT-041;EMAIL;rebecca.wright96@ciphernest.net
TCKT-041;IP;205.155.230.57
TCKT-041;ORG;CypherWave
TCKT-041;URL;https://irongate.security/support/ticket/41
TCKT-042;PERSON;Stephanie Campbell
TCKT-042;EMAIL;stephanie.campbell22@edgematrix.io
TCKT-042;IP;236.33.252.160
TCKT-042;ORG;BrightLock
TCKT-042;URL;https://portal.secureforge.cloud
TCKT-042;EMAIL;stephanie.campbell55@alpha.solutions
TCKT-043;PERSON;Cynthia Lopez
TCKT-043;EMAIL;cynthia.lopez7@nimbustech.dev
TCKT-043;IP;98.84.55.117
TCKT-043;ORG;Quantum Shield
TCKT-043;URL;https://sso.darknode.org/signin
TCKT-044;PERSON;Katherine Brown
TCKT-044;EMAIL;katherine.brown45@deepguard.ai
TCKT-044;IP;167.18.200.246
TCKT-044;ORG;InfoSys
TCKT-044;URL;https://portal.trustwave.cloud
TCKT-045;PERSON;Jacob Nelson
TCKT-045;EMAIL;jacob.nelson15@coresec.net
TCKT-045;IP;120.180.66.197
TCKT-045;ORG;ZeroTrace Labs
TCKT-045;URL;https://api.netsecure.io/v1/auth
TCKT-046;PERSON;Edward Sanchez
TCKT-046;EMAIL;edward.sanchez92@shieldops.io
TCKT-046;IP;20.152.177.213
TCKT-046;ORG;TrustWave
TCKT-046;URL;https://status.quantumshield.io/login
TCKT-047;PERSON;Jason Nelson
TCKT-047;EMAIL;jason.nelson48@blueshield.org
TCKT-047;IP;130.166.88.4
TCKT-047;ORG;SecureForge
TCKT-047;URL;https://audit.cloudline.com/events/47
TCKT-048;PERSON;Laura Lopez
TCKT-048;EMAIL;laura.lopez94@brightlock.io
TCKT-048;IP;248.167.70.158
TCKT-048;ORG;BrightLock
TCKT-048;URL;https://audit.edgematrix.io/events/48
TCKT-049;PERSON;Ashley Garcia
TCKT-049;EMAIL;ashley.garcia36@blackwall.security
TCKT-049;IP;63.193.119.146
TCKT-049;ORG;Orbital Defense
TCKT-049;URL;https://sso.acme.com/signin
TCKT-050;PERSON;Kimberly Perez
TCKT-050;EMAIL;kimberly.perez36@irongate.security
TCKT-050;IP;143.3.133.243
TCKT-050;ORG;ShieldOps
TCKT-050;URL;https://status.trustwave.cloud/login
TCKT-051;PERSON;Gary Lewis
TCKT-051;EMAIL;gary.lewis3@datasafe.co
TCKT-051;IP;76.57.104.178
TCKT-051;ORG;TrustWave
TCKT-051;URL;https://id.orbitaldefense.com/authorize
TCKT-052;PERSON;Kevin Thompson
TCKT-052;EMAIL;kevin.thompson90@edgematrix.io
TCKT-052;IP;70.79.65.60
TCKT-052;ORG;NetSecure
TCKT-052;URL;https://redoakcyber.net/support/ticket/52
TCKT-052;EMAIL;kevin.thompson95@cypherwave.ai
TCKT-053;PERSON;Emily Campbell
TCKT-053;EMAIL;emily.campbell76@brightlock.io
TCKT-053;IP;153.73.252.26
TCKT-053;ORG;ShieldOps
TCKT-053;URL;https://id.deepguard.ai/authorize
TCKT-054;PERSON;Thomas Moore
TCKT-054;EMAIL;thomas.moore6@cybercore.net
TCKT-054;IP;142.75.179.242
TCKT-054;ORG;Alpha Solutions
TCKT-054;URL;https://audit.cloudline.com/events/54
TCKT-055;PERSON;Carol Lopez
TCKT-055;EMAIL;carol.lopez7@nimbustech.dev
TCKT-055;IP;241.221.123.30
TCKT-055;ORG;BlueShield
TCKT-055;URL;https://horizonsec.app/download/55
TCKT-055;EMAIL;carol.lopez73@quantumshield.io
TCKT-056;PERSON;David Thomas
TCKT-056;EMAIL;david.thomas16@rapidsentinel.com
TCKT-056;IP;196.107.156.153
TCKT-056;ORG;DeepGuard
TCKT-056;URL;https://blackwall.security/download/56
TCKT-057;PERSON;Linda Flores
TCKT-057;EMAIL;linda.flores95@cloudline.com
TCKT-057;IP;243.196.54.161
TCKT-057;ORG;CoreSec
TCKT-057;URL;https://id.datasafe.co/authorize
TCKT-057;EMAIL;linda.flores53@blackwall.security
TCKT-058;PERSON;Jacob Jackson
TCKT-058;EMAIL;jacob.jackson5@deepguard.ai
TCKT-058;IP;74.181.73.180
TCKT-058;ORG;BlackWall Security
TCKT-058;URL;https://status.deepguard.ai/login
TCKT-059;PERSON;Katherine Anderson
TCKT-059;EMAIL;katherine.anderson83@vertexlabs.com
TCKT-059;IP;233.69.212.37
TCKT-059;ORG;BlueShield
TCKT-059;URL;https://portal.sentinel.works
TCKT-060;PERSON;Cynthia Hall
TCKT-060;EMAIL;cynthia.hall39@secureforge.cloud
TCKT-060;IP;242.70.129.139
TCKT-060;ORG;CypherWave
TCKT-060;URL;https://audit.datasafe.co/events/60
TCKT-061;PERSON;Steven Johnson
TCKT-061;EMAIL;steven.johnson12@deepguard.ai
TCKT-061;IP;247.173.215.221
TCKT-061;ORG;RapidSentinel
TCKT-061;URL;https://portal.irongate.security
TCKT-062;PERSON;Jeffrey Moore
TCKT-062;EMAIL;jeffrey.moore24@sentinelcloud.net
TCKT-062;IP;163.209.126.249
TCKT-062;ORG;DataSafe
TCKT-062;URL;https://audit.zerotrace.dev/events/62
TCKT-063;PERSON;Kevin Clark
TCKT-063;EMAIL;kevin.clark89@horizonsec.app
TCKT-063;IP;74.170.242.103
TCKT-063;ORG;CipherNest
TCKT-063;URL;https://portal.edgematrix.io
TCKT-063;EMAIL;kevin.clark99@secureforge.cloud
TCKT-064;PERSON;Kathleen Smith
TCKT-064;EMAIL;kathleen.smith85@ciphernest.net
TCKT-064;IP;119.106.14.49
TCKT-064;ORG;TitanSec
TCKT-064;URL;https://sso.horizonsec.app/signin
TCKT-065;PERSON;Thomas Jackson
TCKT-065;EMAIL;thomas.jackson57@horizonsec.app
TCKT-065;IP;32.8.250.162
TCKT-065;ORG;TrustWave
TCKT-065;URL;https://api.quantumshield.io/v1/auth
TCKT-065;EMAIL;thomas.jackson15@edgematrix.io
TCKT-066;PERSON;Jessica Adams
TCKT-066;EMAIL;jessica.adams20@horizonsec.app
TCKT-066;IP;239.184.75.131
TCKT-066;ORG;IronGate
TCKT-066;URL;https://cypherwave.ai/download/66
TCKT-067;PERSON;Kathleen Mitchell
TCKT-067;EMAIL;kathleen.mitchell18@blueshield.org
TCKT-067;IP;71.198.203.219
TCKT-067;ORG;SecureForge
TCKT-067;URL;https://sso.titansec.pro/signin
TCKT-068;PERSON;Gary Martinez
TCKT-068;EMAIL;gary.martinez58@ciphernest.net
TCKT-068;IP;124.89.86.142
TCKT-068;ORG;BrightLock
TCKT-068;URL;https://edgematrix.io/download/68
TCKT-069;PERSON;Sandra Roberts
TCKT-069;EMAIL;sandra.roberts53@novatech.io
TCKT-069;IP;82.191.122.181
TCKT-069;ORG;Orbital Defense
TCKT-069;URL;https://vertexlabs.com/download/69
TCKT-070;PERSON;Jeffrey Miller
TCKT-070;EMAIL;jeffrey.miller68@edgematrix.io
TCKT-070;IP;4.185.37.105
TCKT-070;ORG;Vertex Labs
TCKT-070;URL;https://status.cypherwave.ai/login
TCKT-071;PERSON;Kevin Baker
TCKT-071;EMAIL;kevin.baker69@darknode.org
TCKT-071;IP;245.82.161.184
TCKT-071;ORG;CypherWave
TCKT-071;URL;https://portal.blueshield.org
TCKT-072;PERSON;Barbara Ramirez
TCKT-072;EMAIL;barbara.ramirez13@cloudline.com
TCKT-072;IP;114.43.178.77
TCKT-072;ORG;NovaTech
TCKT-072;URL;https://portal.redoakcyber.net
TCKT-073;PERSON;Ashley King
TCKT-073;EMAIL;ashley.king53@fortidata.com
TCKT-073;IP;44.45.21.157
TCKT-073;ORG;Orbital Defense
TCKT-073;URL;https://horizonsec.app/support/ticket/73
TCKT-074;PERSON;Ryan Taylor
TCKT-074;EMAIL;ryan.taylor86@example.com
TCKT-074;IP;231.206.120.231
TCKT-074;ORG;HexaSecure
TCKT-074;URL;https://api.blueshield.org/v1/auth
TCKT-075;PERSON;Jason Hall
TCKT-075;EMAIL;jason.hall33@edgematrix.io
TCKT-075;IP;217.78.51.99
TCKT-075;ORG;EdgeMatrix
TCKT-075;URL;https://status.trustwave.cloud/login
TCKT-076;PERSON;Donna Johnson
TCKT-076;EMAIL;donna.johnson85@secureforge.cloud
TCKT-076;IP;71.3.145.222
TCKT-076;ORG;CyberCore
TCKT-076;URL;https://audit.aegisdyn.com/events/76
TCKT-077;PERSON;Matthew Flores
TCKT-077;EMAIL;matthew.flores33@alpha.solutions
TCKT-077;IP;161.25.232.161
TCKT-077;ORG;InfoSys
TCKT-077;URL;https://id.blackwall.security/authorize
TCKT-077;EMAIL;matthew.flores38@redoakcyber.net
TCKT-078;PERSON;Rebecca Lopez
TCKT-078;EMAIL;rebecca.lopez26@alpha.solutions
TCKT-078;IP;202.139.225.249
TCKT-078;ORG;ZeroTrace Labs
TCKT-078;URL;https://id.sentinel.works/authorize
TCKT-079;PERSON;Carol Davis
TCKT-079;EMAIL;carol.davis60@blueshield.org
TCKT-079;IP;37.194.248.58
TCKT-079;ORG;DarkNode Analytics
TCKT-079;URL;https://sso.datasafe.co/signin
TCKT-080;PERSON;Kimberly Nguyen
TCKT-080;EMAIL;kimberly.nguyen49@orbitaldefense.com
TCKT-080;IP;28.173.60.121
TCKT-080;ORG;NovaTech
TCKT-080;URL;https://sso.deepguard.ai/signin
TCKT-081;PERSON;Joshua Adams
TCKT-081;EMAIL;joshua.adams53@netsecure.io
TCKT-081;IP;36.12.243.10
TCKT-081;ORG;Aegis Dynamics
TCKT-081;URL;https://audit.netsecure.io/events/81
TCKT-082;PERSON;Melissa Nelson
TCKT-082;EMAIL;melissa.nelson96@ciphernest.net
TCKT-082;IP;108.151.191.187
TCKT-082;ORG;Vertex Labs
TCKT-082;URL;https://cloudline.com/download/82
TCKT-082;EMAIL;melissa.nelson48@coresec.net
TCKT-083;PERSON;Jeffrey Lewis
TCKT-083;EMAIL;jeffrey.lewis31@orbitaldefense.com
TCKT-083;IP;26.252.176.95
TCKT-083;ORG;BrightLock
TCKT-083;URL;https://sso.cybercore.net/signin
TCKT-084;PERSON;Ryan Garcia
TCKT-084;EMAIL;ryan.garcia85@coresec.net
TCKT-084;IP;165.164.153.249
TCKT-084;ORG;NovaTech
TCKT-084;URL;https://portal.vectorguard.ai
TCKT-084;EMAIL;ryan.garcia98@rapidsentinel.com
TCKT-085;PERSON;Anthony Nguyen
TCKT-085;EMAIL;anthony.nguyen28@deepguard.ai
TCKT-085;IP;85.199.38.202
TCKT-085;ORG;Acme Security
TCKT-085;URL;https://id.vertexlabs.com/authorize
TCKT-085;EMAIL;anthony.nguyen4@alpha.solutions
TCKT-086;PERSON;Mary Thompson
TCKT-086;EMAIL;mary.thompson31@redoakcyber.net
TCKT-086;IP;5.45.68.14
TCKT-086;ORG;Alpha Solutions
TCKT-086;URL;https://brightlock.io/download/86
TCKT-087;PERSON;George Allen
TCKT-087;EMAIL;george.allen76@cloudline.com
TCKT-087;IP;116.129.57.243
TCKT-087;ORG;InfoSys
TCKT-087;URL;https://id.edgematrix.io/authorize
TCKT-088;PERSON;Jason Baker
TCKT-088;EMAIL;jason.baker14@horizonsec.app
TCKT-088;IP;183.233.114.19
TCKT-088;ORG;DataSafe
TCKT-088;URL;https://sso.vertexlabs.com/signin
TCKT-089;PERSON;Pamela Jackson
TCKT-089;EMAIL;pamela.jackson59@titansec.pro
TCKT-089;IP;155.111.26.204
TCKT-089;ORG;NetSecure
TCKT-089;URL;https://sentinelcloud.net/support/ticket/89
TCKT-090;PERSON;Stephanie Clark
TCKT-090;EMAIL;stephanie.clark94@cloudline.com
TCKT-090;IP;81.110.81.171
TCKT-090;ORG;NimbusTech
TCKT-090;URL;https://sso.vertexlabs.com/signin
TCKT-090;EMAIL;stephanie.clark13@orbitaldefense.com
TCKT-091;PERSON;Thomas Scott
TCKT-091;EMAIL;thomas.scott8@rapidsentinel.com
TCKT-091;IP;144.85.172.32
TCKT-091;ORG;SecureForge
TCKT-091;URL;https://sso.sentinelcloud.net/signin
TCKT-092;PERSON;Nicholas Wilson
TCKT-092;EMAIL;nicholas.wilson20@cypherwave.ai
TCKT-092;IP;58.217.28.90
TCKT-092;ORG;CipherNest
TCKT-092;URL;https://sso.netsecure.io/signin
TCKT-093;PERSON;Patricia Hill
TCKT-093;EMAIL;patricia.hill85@irongate.security
TCKT-093;IP;8.47.70.180
TCKT-093;ORG;Aegis Dynamics
TCKT-093;URL;https://sso.zerotrace.dev/signin
TCKT-094;PERSON;Stephanie Jones
TCKT-094;EMAIL;stephanie.jones19@acme.com
TCKT-094;IP;24.192.136.56
TCKT-094;ORG;Orbital Defense
TCKT-094;URL;https://edgematrix.io/download/94
TCKT-095;PERSON;David Brown
TCKT-095;EMAIL;david.brown20@sentinel.works
TCKT-095;IP;194.159.13.173
TCKT-095;ORG;DataSafe
TCKT-095;URL;https://id.blackwall.security/authorize
TCKT-096;PERSON;Margaret Carter
TCKT-096;EMAIL;margaret.carter66@netsecure.io
TCKT-096;IP;89.111.29.73
TCKT-096;ORG;CypherWave
TCKT-096;URL;https://id.novatech.io/authorize
TCKT-096;EMAIL;margaret.carter39@coresec.net
TCKT-097;PERSON;Sarah Carter
TCKT-097;EMAIL;sarah.carter33@aegisdyn.com
TCKT-097;IP;84.31.2.128
TCKT-097;ORG;BlueOrbit
TCKT-097;URL;https://api.alpha.solutions/v1/auth
TCKT-098;PERSON;Amanda Jones
TCKT-098;EMAIL;amanda.jones51@novatech.io
TCKT-098;IP;112.5.118.236
TCKT-098;ORG;BlueShield
TCKT-098;URL;https://sso.sentinelcloud.net/signin
TCKT-099;PERSON;Stephanie Johnson
TCKT-099;EMAIL;stephanie.johnson42@sentinel.works
TCKT-099;IP;206.243.159.118
TCKT-099;ORG;ZeroTrace Labs
TCKT-099;URL;https://status.sentinelcloud.net/login
TCKT-100;PERSON;Ronald Martin
TCKT-100;EMAIL;ronald.martin96@vectorguard.ai
TCKT-100;IP;57.86.200.44
TCKT-100;ORG;BlueShield
TCKT-100;URL;https://status.brightlock.io/login
